\BOOKMARK [1][-]{section.1}{\376\377\000I\000n\000t\000r\000o\000d\000u\000c\000t\000i\000o\000n}{}% 1
\BOOKMARK [1][-]{section.2}{\376\377\000R\000e\000l\000a\000t\000e\000d\000\040\000W\000o\000r\000k}{}% 2
\BOOKMARK [1][-]{section.3}{\376\377\000M\000e\000t\000r\000i\000c\000s}{}% 3
\BOOKMARK [1][-]{section.4}{\376\377\000E\000x\000p\000e\000r\000i\000m\000e\000n\000t\000a\000l\000\040\000S\000e\000t\000u\000p}{}% 4
\BOOKMARK [2][-]{subsection.4.1}{\376\377\000T\000o\000k\000e\000n\000i\000z\000e\000r\000s}{section.4}% 5
\BOOKMARK [2][-]{subsection.4.2}{\376\377\000L\000a\000n\000g\000u\000a\000g\000e\000s\000\040\000a\000n\000d\000\040\000C\000o\000r\000p\000o\000r\000a}{section.4}% 6
\BOOKMARK [2][-]{subsection.4.3}{\376\377\000B\000e\000n\000c\000h\000m\000a\000r\000k\000s\000\040\000a\000n\000d\000\040\000C\000o\000r\000r\000e\000l\000a\000t\000i\000o\000n\000\040\000M\000e\000t\000h\000o\000d}{section.4}% 7
\BOOKMARK [1][-]{section.5}{\376\377\000R\000e\000s\000u\000l\000t\000s}{}% 8
\BOOKMARK [2][-]{subsection.5.1}{\376\377\000C\000r\000o\000s\000s\000-\000l\000i\000n\000g\000u\000a\000l\000\040\000T\000o\000k\000e\000n\000i\000z\000e\000r\000\040\000D\000i\000s\000p\000a\000r\000i\000t\000i\000e\000s}{section.5}% 9
\BOOKMARK [2][-]{subsection.5.2}{\376\377\000F\000e\000r\000t\000i\000l\000i\000t\000y\000\040\000a\000n\000d\000\040\000S\000T\000R\000R\000\040\000A\000c\000r\000o\000s\000s\000\040\000L\000a\000n\000g\000u\000a\000g\000e\000s}{section.5}% 10
\BOOKMARK [2][-]{subsection.5.3}{\376\377\000C\000h\000a\000r\000a\000c\000t\000e\000r\000s\000\040\000P\000e\000r\000\040\000T\000o\000k\000e\000n}{section.5}% 11
\BOOKMARK [2][-]{subsection.5.4}{\376\377\000C\000o\000r\000r\000e\000l\000a\000t\000i\000o\000n\000\040\000w\000i\000t\000h\000\040\000D\000o\000w\000n\000s\000t\000r\000e\000a\000m\000\040\000P\000e\000r\000f\000o\000r\000m\000a\000n\000c\000e}{section.5}% 12
\BOOKMARK [2][-]{subsection.5.5}{\376\377\000V\000o\000c\000a\000b\000u\000l\000a\000r\000y\000\040\000S\000i\000z\000e\000\040\000a\000n\000d\000\040\000P\000e\000r\000f\000o\000r\000m\000a\000n\000c\000e}{section.5}% 13
\BOOKMARK [2][-]{subsection.5.6}{\376\377\000M\000u\000l\000t\000i\000l\000i\000n\000g\000u\000a\000l\000\040\000D\000o\000w\000n\000s\000t\000r\000e\000a\000m\000\040\000C\000o\000r\000r\000e\000l\000a\000t\000i\000o\000n}{section.5}% 14
\BOOKMARK [1][-]{section.6}{\376\377\000D\000i\000s\000c\000u\000s\000s\000i\000o\000n}{}% 15
\BOOKMARK [1][-]{section.7}{\376\377\000C\000o\000n\000c\000l\000u\000s\000i\000o\000n}{}% 16
\BOOKMARK [1][-]{appendix.A}{\376\377\000C\000r\000o\000s\000s\000-\000l\000i\000n\000g\000u\000a\000l\000\040\000P\000a\000r\000i\000t\000y}{}% 17
\BOOKMARK [1][-]{appendix.B}{\376\377\000E\000n\000g\000l\000i\000s\000h\000\040\000T\000o\000k\000e\000n\000i\000z\000e\000r\000\040\000M\000e\000t\000r\000i\000c\000s}{}% 18
\BOOKMARK [1][-]{appendix.C}{\376\377\000B\000e\000n\000c\000h\000m\000a\000r\000k\000\040\000S\000c\000o\000r\000e\000s}{}% 19
\BOOKMARK [1][-]{appendix.D}{\376\377\000L\000M\000E\000\040\000R\000e\000s\000u\000l\000t\000s}{}% 20
\BOOKMARK [1][-]{appendix.E}{\376\377\000F\000u\000l\000l\000\040\000C\000o\000r\000r\000e\000l\000a\000t\000i\000o\000n\000\040\000R\000e\000s\000u\000l\000t\000s}{}% 21
\BOOKMARK [1][-]{appendix.F}{\376\377\000H\000e\000l\000d\000-\000o\000u\000t\000\040\000E\000n\000g\000l\000i\000s\000h\000\040\000B\000P\000B}{}% 22
\BOOKMARK [1][-]{appendix.G}{\376\377\000C\000o\000m\000p\000a\000r\000i\000s\000o\000n\000\040\000w\000i\000t\000h\000\040\000Q\000t\000o\000k}{}% 23
\BOOKMARK [1][-]{appendix.H}{\376\377\000T\000o\000o\000l\000k\000i\000t\000\040\000U\000s\000a\000g\000e}{}% 24
\BOOKMARK [1][-]{appendix.I}{\376\377\000P\000e\000r\000-\000l\000a\000n\000g\000u\000a\000g\000e\000\040\000F\000e\000r\000t\000i\000l\000i\000t\000y\000\040\000H\000e\000a\000t\000m\000a\000p}{}% 25
\BOOKMARK [1][-]{appendix.J}{\376\377\000P\000e\000r\000-\000l\000a\000n\000g\000u\000a\000g\000e\000\040\000S\000T\000R\000R\000\040\000H\000e\000a\000t\000m\000a\000p}{}% 26
\BOOKMARK [1][-]{appendix.K}{\376\377\000P\000e\000r\000-\000l\000a\000n\000g\000u\000a\000g\000e\000\040\000C\000P\000T\000\040\000H\000e\000a\000t\000m\000a\000p}{}% 27
